<?xml version="1.0" encoding="UTF-8"?>
<testng-results skipped="0" failed="0" total="1" passed="1">
  <reporter-output>
    <line>
      <![CDATA[Only one option can be selected in radio button]]>
    </line>
    <line>
      <![CDATA[Title done]]>
    </line>
    <line>
      <![CDATA[Following errors are displayed - <br>There are 9 errors
You must register at least one phone number.
lastname is required.
firstname is required.
passwd is required.
alias is required.
address1 is required.
city is required.
The Zip/Postal code you've entered is invalid. It must follow this format: 00000
This country requires you to choose a State.]]>
    </line>
  </reporter-output>
  <suite name="Default suite" duration-ms="52907" started-at="2016-12-01T03:48:34Z" finished-at="2016-12-01T03:49:27Z">
    <groups>
    </groups>
    <test name="Default test" duration-ms="52907" started-at="2016-12-01T03:48:34Z" finished-at="2016-12-01T03:49:27Z">
      <class name="tests.TestSignUpPage">
        <test-method status="PASS" signature="beforeTest()[pri:0, instance:tests.TestSignUpPage@18bdf2a]" name="beforeTest" is-config="true" duration-ms="28993" started-at="2016-12-01T09:18:34Z" finished-at="2016-12-01T09:19:03Z">
          <reporter-output>
          </reporter-output>
        </test-method> <!-- beforeTest -->
        <test-method status="PASS" signature="testSignUpPage(java.lang.String, java.lang.String, java.lang.String, java.lang.String, java.lang.String, java.lang.String, java.lang.String, java.lang.String, java.lang.String, java.lang.String, java.lang.String, java.lang.String, java.lang.String, java.lang.String, java.lang.String, java.lang.String, java.lang.String, java.lang.String, java.lang.String, java.lang.String, java.lang.String, java.lang.String, java.lang.String, java.lang.String)[pri:0, instance:tests.TestSignUpPage@18bdf2a]" name="testSignUpPage" duration-ms="21365" started-at="2016-12-01T09:19:03Z" data-provider="Emails" finished-at="2016-12-01T09:19:25Z">
          <params>
            <param index="0">
              <value>
                <![CDATA[W]]>
              </value>
            </param>
            <param index="1">
              <value>
                <![CDATA[]]>
              </value>
            </param>
            <param index="2">
              <value>
                <![CDATA[]]>
              </value>
            </param>
            <param index="3">
              <value>
                <![CDATA[]]>
              </value>
            </param>
            <param index="4">
              <value>
                <![CDATA[virat@kohli.com]]>
              </value>
            </param>
            <param index="5">
              <value>
                <![CDATA[]]>
              </value>
            </param>
            <param index="6">
              <value>
                <![CDATA[]]>
              </value>
            </param>
            <param index="7">
              <value>
                <![CDATA[]]>
              </value>
            </param>
            <param index="8">
              <value>
                <![CDATA[]]>
              </value>
            </param>
            <param index="9">
              <value>
                <![CDATA[]]>
              </value>
            </param>
            <param index="10">
              <value>
                <![CDATA[]]>
              </value>
            </param>
            <param index="11">
              <value>
                <![CDATA[]]>
              </value>
            </param>
            <param index="12">
              <value>
                <![CDATA[]]>
              </value>
            </param>
            <param index="13">
              <value>
                <![CDATA[]]>
              </value>
            </param>
            <param index="14">
              <value>
                <![CDATA[]]>
              </value>
            </param>
            <param index="15">
              <value>
                <![CDATA[]]>
              </value>
            </param>
            <param index="16">
              <value>
                <![CDATA[]]>
              </value>
            </param>
            <param index="17">
              <value>
                <![CDATA[]]>
              </value>
            </param>
            <param index="18">
              <value>
                <![CDATA[]]>
              </value>
            </param>
            <param index="19">
              <value>
                <![CDATA[]]>
              </value>
            </param>
            <param index="20">
              <value>
                <![CDATA[]]>
              </value>
            </param>
            <param index="21">
              <value>
                <![CDATA[]]>
              </value>
            </param>
            <param index="22">
              <value>
                <![CDATA[]]>
              </value>
            </param>
            <param index="23">
              <value>
                <![CDATA[]]>
              </value>
            </param>
          </params>
          <reporter-output>
            <line>
              <![CDATA[Only one option can be selected in radio button]]>
            </line>
            <line>
              <![CDATA[Title done]]>
            </line>
            <line>
              <![CDATA[Following errors are displayed - <br>There are 9 errors
You must register at least one phone number.
lastname is required.
firstname is required.
passwd is required.
alias is required.
address1 is required.
city is required.
The Zip/Postal code you've entered is invalid. It must follow this format: 00000
This country requires you to choose a State.]]>
            </line>
          </reporter-output>
        </test-method> <!-- testSignUpPage -->
        <test-method status="PASS" signature="afterTest()[pri:0, instance:tests.TestSignUpPage@18bdf2a]" name="afterTest" is-config="true" duration-ms="2513" started-at="2016-12-01T09:19:25Z" finished-at="2016-12-01T09:19:27Z">
          <reporter-output>
          </reporter-output>
        </test-method> <!-- afterTest -->
      </class> <!-- tests.TestSignUpPage -->
    </test> <!-- Default test -->
  </suite> <!-- Default suite -->
</testng-results>
