<?xml version="1.0" encoding="UTF-8"?>
<testng-results skipped="0" failed="0" total="1" passed="1">
  <reporter-output>
  </reporter-output>
  <suite name="Default suite" duration-ms="42982" started-at="2016-11-27T20:30:50Z" finished-at="2016-11-27T20:31:33Z">
    <groups>
    </groups>
    <test name="Default test" duration-ms="42982" started-at="2016-11-27T20:30:50Z" finished-at="2016-11-27T20:31:33Z">
      <class name="tests.TestAmazonHomePage">
        <test-method status="PASS" signature="setUp()[pri:0, instance:tests.TestAmazonHomePage@847c91]" name="setUp" is-config="true" duration-ms="40489" started-at="2016-11-28T02:00:50Z" finished-at="2016-11-28T02:01:30Z">
          <reporter-output>
          </reporter-output>
        </test-method> <!-- setUp -->
        <test-method status="PASS" signature="testHomePage()[pri:0, instance:tests.TestAmazonHomePage@847c91]" name="testHomePage" duration-ms="903" started-at="2016-11-28T02:01:30Z" finished-at="2016-11-28T02:01:31Z">
          <reporter-output>
          </reporter-output>
        </test-method> <!-- testHomePage -->
        <test-method status="PASS" signature="afterTest()[pri:0, instance:tests.TestAmazonHomePage@847c91]" name="afterTest" is-config="true" duration-ms="1556" started-at="2016-11-28T02:01:31Z" finished-at="2016-11-28T02:01:33Z">
          <reporter-output>
          </reporter-output>
        </test-method> <!-- afterTest -->
      </class> <!-- tests.TestAmazonHomePage -->
    </test> <!-- Default test -->
  </suite> <!-- Default suite -->
</testng-results>
