<?xml version="1.0" encoding="UTF-8"?>
<testng-results skipped="0" failed="0" total="4" passed="4">
  <reporter-output>
    <line>
      <![CDATA[Sign out found]]>
    </line>
    <line>
      <![CDATA[Sign in valid]]>
    </line>
    <line>
      <![CDATA[Sign out found]]>
    </line>
    <line>
      <![CDATA[Sign in valid]]>
    </line>
    <line>
      <![CDATA[Incorrect username/password]]>
    </line>
    <line>
      <![CDATA[expected:<true> but was:<false>]]>
    </line>
    <line>
      <![CDATA[Incorrect username/password]]>
    </line>
    <line>
      <![CDATA[expected:<true> but was:<false>]]>
    </line>
  </reporter-output>
  <suite name="Default suite" duration-ms="54283" started-at="2016-11-30T04:35:48Z" finished-at="2016-11-30T04:36:42Z">
    <groups>
    </groups>
    <test name="Default test" duration-ms="54283" started-at="2016-11-30T04:35:48Z" finished-at="2016-11-30T04:36:42Z">
      <class name="tests.TestAPLoginPage">
        <test-method status="PASS" signature="setUp()[pri:0, instance:tests.TestAPLoginPage@1277ffa]" name="setUp" is-config="true" duration-ms="27466" started-at="2016-11-30T10:05:48Z" finished-at="2016-11-30T10:06:15Z">
          <reporter-output>
          </reporter-output>
        </test-method> <!-- setUp -->
        <test-method status="PASS" signature="testLoginPage(java.lang.String, java.lang.String, java.lang.String)[pri:0, instance:tests.TestAPLoginPage@1277ffa]" name="testLoginPage" duration-ms="14010" started-at="2016-11-30T10:06:16Z" data-provider="Users" finished-at="2016-11-30T10:06:30Z">
          <params>
            <param index="0">
              <value>
                <![CDATA[actuallyashish@gmail.com]]>
              </value>
            </param>
            <param index="1">
              <value>
                <![CDATA[12345]]>
              </value>
            </param>
            <param index="2">
              <value>
                <![CDATA[valid]]>
              </value>
            </param>
          </params>
          <reporter-output>
            <line>
              <![CDATA[Sign out found]]>
            </line>
            <line>
              <![CDATA[Sign in valid]]>
            </line>
          </reporter-output>
        </test-method> <!-- testLoginPage -->
        <test-method status="PASS" signature="testLoginPage(java.lang.String, java.lang.String, java.lang.String)[pri:0, instance:tests.TestAPLoginPage@1277ffa]" name="testLoginPage" duration-ms="6027" started-at="2016-11-30T10:06:30Z" data-provider="Users" finished-at="2016-11-30T10:06:36Z">
          <params>
            <param index="0">
              <value>
                <![CDATA[721715@xyz.com]]>
              </value>
            </param>
            <param index="1">
              <value>
                <![CDATA[abcde]]>
              </value>
            </param>
            <param index="2">
              <value>
                <![CDATA[valid]]>
              </value>
            </param>
          </params>
          <reporter-output>
            <line>
              <![CDATA[Sign out found]]>
            </line>
            <line>
              <![CDATA[Sign in valid]]>
            </line>
          </reporter-output>
        </test-method> <!-- testLoginPage -->
        <test-method status="PASS" signature="testLoginPage(java.lang.String, java.lang.String, java.lang.String)[pri:0, instance:tests.TestAPLoginPage@1277ffa]" name="testLoginPage" duration-ms="2115" started-at="2016-11-30T10:06:36Z" data-provider="Users" finished-at="2016-11-30T10:06:38Z">
          <params>
            <param index="0">
              <value>
                <![CDATA[abc@xyz.com]]>
              </value>
            </param>
            <param index="1">
              <value>
                <![CDATA[abcde]]>
              </value>
            </param>
            <param index="2">
              <value>
                <![CDATA[invalid]]>
              </value>
            </param>
          </params>
          <reporter-output>
            <line>
              <![CDATA[Incorrect username/password]]>
            </line>
            <line>
              <![CDATA[expected:<true> but was:<false>]]>
            </line>
          </reporter-output>
        </test-method> <!-- testLoginPage -->
        <test-method status="PASS" signature="testLoginPage(java.lang.String, java.lang.String, java.lang.String)[pri:0, instance:tests.TestAPLoginPage@1277ffa]" name="testLoginPage" duration-ms="2739" started-at="2016-11-30T10:06:38Z" data-provider="Users" finished-at="2016-11-30T10:06:40Z">
          <params>
            <param index="0">
              <value>
                <![CDATA[xyz@abc.com]]>
              </value>
            </param>
            <param index="1">
              <value>
                <![CDATA[12345]]>
              </value>
            </param>
            <param index="2">
              <value>
                <![CDATA[invalid]]>
              </value>
            </param>
          </params>
          <reporter-output>
            <line>
              <![CDATA[Incorrect username/password]]>
            </line>
            <line>
              <![CDATA[expected:<true> but was:<false>]]>
            </line>
          </reporter-output>
        </test-method> <!-- testLoginPage -->
        <test-method status="PASS" signature="afterTest()[pri:0, instance:tests.TestAPLoginPage@1277ffa]" name="afterTest" is-config="true" duration-ms="1865" started-at="2016-11-30T10:06:40Z" finished-at="2016-11-30T10:06:42Z">
          <reporter-output>
          </reporter-output>
        </test-method> <!-- afterTest -->
      </class> <!-- tests.TestAPLoginPage -->
    </test> <!-- Default test -->
  </suite> <!-- Default suite -->
</testng-results>
